<html>
<head>
<title>TestNG:  Surefire test</title>
<link href="../testng.css" rel="stylesheet" type="text/css" />
<link href="../my-testng.css" rel="stylesheet" type="text/css" />

<style type="text/css">
.log { display: none;} 
.stack-trace { display: none;} 
</style>
<script type="text/javascript">
<!--
function flip(e) {
  current = e.style.display;
  if (current == 'block') {
    e.style.display = 'none';
    return 0;
  }
  else {
    e.style.display = 'block';
    return 1;
  }
}

function toggleBox(szDivId, elem, msg1, msg2)
{
  var res = -1;  if (document.getElementById) {
    res = flip(document.getElementById(szDivId));
  }
  else if (document.all) {
    // this is the way old msie versions work
    res = flip(document.all[szDivId]);
  }
  if(elem) {
    if(res == 0) elem.innerHTML = msg1; else elem.innerHTML = msg2;
  }

}

function toggleAllBoxes() {
  if (document.getElementsByTagName) {
    d = document.getElementsByTagName('div');
    for (i = 0; i < d.length; i++) {
      if (d[i].className == 'log') {
        flip(d[i]);
      }
    }
  }
}

// -->
</script>

</head>
<body>
<h2 align='center'>Surefire test</h2><table border='1' align="center">
<tr>
<td>Tests passed/Failed/Skipped:</td><td>1/2/0</td>
</tr><tr>
<td>Started on:</td><td>Sat Jul 30 19:37:18 IST 2022</td>
</tr>
<tr><td>Total time:</td><td>70 seconds (70534 ms)</td>
</tr><tr>
<td>Included groups:</td><td></td>
</tr><tr>
<td>Excluded groups:</td><td></td>
</tr>
</table><p/>
<small><i>(Hover the method name to see the test class name)</i></small><p/>
<table width='100%' border='1' class='invocation-failed'>
<tr><td colspan='4' align='center'><b>FAILED TESTS</b></td></tr>
<tr><td><b>Test method</b></td>
<td><b>Attribute(s)</b></td>
<td width="30%"><b>Exception</b></td>
<td width="10%"><b>Time (seconds)</b></td>
<td><b>Instance</b></td>
</tr>
<tr>
<td title='stepRunner.TestNGTestRunnerPassed.runScenario()'><b>runScenario</b><br>Test class: stepRunner.TestNGTestRunnerPassed<br>Test method: Runs Cucumber Scenarios<br>Parameters: "Search experience for product search in both home and offers page", "Search and Place order for Product"</td>
<td><div><pre>java.lang.AssertionError: expected [No data] but found [Beetroot]
	at stepDefinations.OfferPageStepDefination.validate_the_products_of_both_the_pages(OfferPageStepDefination.java:47)
	at ?.validate the products of both the pages(file:///C:/Users/debas/eclipse-workspace/CucumberFramework/src/test/java/features/SearchProduct.feature:7)
... Removed 6 stack frames</pre></div><a href='#' onClick='toggleBox("stack-trace873254478", this, "Click to show all stack frames", "Click to hide stack frames")'>Click to show all stack frames</a>
<div class='stack-trace' id='stack-trace873254478'><pre>java.lang.AssertionError: expected [No data] but found [Beetroot]
	at org.testng.Assert.fail(Assert.java:110)
	at org.testng.Assert.failNotEquals(Assert.java:1413)
	at org.testng.Assert.assertEqualsImpl(Assert.java:149)
	at org.testng.Assert.assertEquals(Assert.java:131)
	at org.testng.Assert.assertEquals(Assert.java:655)
	at org.testng.Assert.assertEquals(Assert.java:665)
	at stepDefinations.OfferPageStepDefination.validate_the_products_of_both_the_pages(OfferPageStepDefination.java:47)
	at ?.validate the products of both the pages(file:///C:/Users/debas/eclipse-workspace/CucumberFramework/src/test/java/features/SearchProduct.feature:7)
</pre></div></td>
<td>10</td>
<td>stepRunner.TestNGTestRunnerPassed@22a637e7</td></tr>
<tr>
<td title='stepRunner.TestNGTestRunnerFailed.runScenario()'><b>runScenario</b><br>Test class: stepRunner.TestNGTestRunnerFailed<br>Test method: Runs Cucumber Scenarios<br>Parameters: "Search experience for product search in both home and offers page", "Search and Place order for Product"</td>
<td><div><pre>java.lang.AssertionError: expected [No data] but found [Beetroot]
	at stepDefinations.OfferPageStepDefination.validate_the_products_of_both_the_pages(OfferPageStepDefination.java:47)
	at ?.validate the products of both the pages(file:///C:/Users/debas/eclipse-workspace/CucumberFramework/src/test/java/features/SearchProduct.feature:7)
... Removed 6 stack frames</pre></div><a href='#' onClick='toggleBox("stack-trace262740707", this, "Click to show all stack frames", "Click to hide stack frames")'>Click to show all stack frames</a>
<div class='stack-trace' id='stack-trace262740707'><pre>java.lang.AssertionError: expected [No data] but found [Beetroot]
	at org.testng.Assert.fail(Assert.java:110)
	at org.testng.Assert.failNotEquals(Assert.java:1413)
	at org.testng.Assert.assertEqualsImpl(Assert.java:149)
	at org.testng.Assert.assertEquals(Assert.java:131)
	at org.testng.Assert.assertEquals(Assert.java:655)
	at org.testng.Assert.assertEquals(Assert.java:665)
	at stepDefinations.OfferPageStepDefination.validate_the_products_of_both_the_pages(OfferPageStepDefination.java:47)
	at ?.validate the products of both the pages(file:///C:/Users/debas/eclipse-workspace/CucumberFramework/src/test/java/features/SearchProduct.feature:7)
</pre></div></td>
<td>45</td>
<td>stepRunner.TestNGTestRunnerFailed@5be6e01c</td></tr>
</table><p>
<table width='100%' border='1' class='invocation-passed'>
<tr><td colspan='4' align='center'><b>PASSED TESTS</b></td></tr>
<tr><td><b>Test method</b></td>
<td><b>Attribute(s)</b></td>
<td width="30%"><b>Exception</b></td>
<td width="10%"><b>Time (seconds)</b></td>
<td><b>Instance</b></td>
</tr>
<tr>
<td title='stepRunner.TestNGTestRunnerPassed.runScenario()'><b>runScenario</b><br>Test class: stepRunner.TestNGTestRunnerPassed<br>Test method: Runs Cucumber Scenarios<br>Parameters: "Search experience for product search in both home and offers page", "Search and Place order for Product"</td>
<td></td>
<td>10</td>
<td>stepRunner.TestNGTestRunnerPassed@22a637e7</td></tr>
</table><p>
</body>
</html>