<?xml version="1.0" encoding="UTF-8"?>
<testng-results ignored="0" total="3" passed="1" failed="2" skipped="0">
  <reporter-output>
  </reporter-output>
  <suite started-at="2022-07-30T19:37:18 IST" name="Surefire suite" finished-at="2022-07-30T19:38:28 IST" duration-ms="70534">
    <groups>
      <group name="cucumber">
        <method signature="AbstractTestNGCucumberTests.runScenario(io.cucumber.testng.PickleWrapper,io.cucumber.testng.FeatureWrapper)[pri:0, instance:stepRunner.TestNGTestRunnerFailed@5be6e01c]" name="runScenario" class="io.cucumber.testng.AbstractTestNGCucumberTests"/>
        <method signature="AbstractTestNGCucumberTests.runScenario(io.cucumber.testng.PickleWrapper,io.cucumber.testng.FeatureWrapper)[pri:0, instance:stepRunner.TestNGTestRunnerPassed@22a637e7]" name="runScenario" class="io.cucumber.testng.AbstractTestNGCucumberTests"/>
      </group> <!-- cucumber -->
    </groups>
    <test started-at="2022-07-30T19:37:18 IST" name="Surefire test" finished-at="2022-07-30T19:38:28 IST" duration-ms="70534">
      <class name="stepRunner.TestNGTestRunnerPassed">
        <test-method is-config="true" signature="setUpClass(org.testng.ITestContext)[pri:0, instance:stepRunner.TestNGTestRunnerPassed@22a637e7]" started-at="2022-07-30T19:38:17 IST" name="setUpClass" finished-at="2022-07-30T19:38:18 IST" duration-ms="76" status="PASS">
          <params>
            <param index="0">
              <value>
                <![CDATA[org.testng.TestRunner@796065aa]]>
              </value>
            </param>
          </params>
          <reporter-output>
          </reporter-output>
        </test-method> <!-- setUpClass -->
        <test-method signature="runScenario(io.cucumber.testng.PickleWrapper,io.cucumber.testng.FeatureWrapper)[pri:0, instance:stepRunner.TestNGTestRunnerPassed@22a637e7]" started-at="2022-07-30T19:38:18 IST" name="runScenario" description="Runs Cucumber Scenarios" data-provider="scenarios" finished-at="2022-07-30T19:38:28 IST" duration-ms="10580" status="PASS">
          <params>
            <param index="0">
              <value>
                <![CDATA["Search experience for product search in both home and offers page"]]>
              </value>
            </param>
            <param index="1">
              <value>
                <![CDATA["Search and Place order for Product"]]>
              </value>
            </param>
          </params>
          <reporter-output>
          </reporter-output>
        </test-method> <!-- runScenario -->
        <test-method signature="runScenario(io.cucumber.testng.PickleWrapper,io.cucumber.testng.FeatureWrapper)[pri:0, instance:stepRunner.TestNGTestRunnerPassed@22a637e7]" started-at="2022-07-30T19:38:18 IST" name="runScenario" description="Runs Cucumber Scenarios" data-provider="scenarios" finished-at="2022-07-30T19:38:28 IST" duration-ms="10722" status="FAIL">
          <params>
            <param index="0">
              <value>
                <![CDATA["Search experience for product search in both home and offers page"]]>
              </value>
            </param>
            <param index="1">
              <value>
                <![CDATA["Search and Place order for Product"]]>
              </value>
            </param>
          </params>
          <exception class="java.lang.AssertionError">
            <message>
              <![CDATA[expected [No data] but found [Beetroot]]]>
            </message>
            <full-stacktrace>
              <![CDATA[java.lang.AssertionError: expected [No data] but found [Beetroot]
at org.testng.Assert.fail(Assert.java:110)
at org.testng.Assert.failNotEquals(Assert.java:1413)
at org.testng.Assert.assertEqualsImpl(Assert.java:149)
at org.testng.Assert.assertEquals(Assert.java:131)
at org.testng.Assert.assertEquals(Assert.java:655)
at org.testng.Assert.assertEquals(Assert.java:665)
at stepDefinations.OfferPageStepDefination.validate_the_products_of_both_the_pages(OfferPageStepDefination.java:47)
at ✽.validate the products of both the pages(file:///C:/Users/debas/eclipse-workspace/CucumberFramework/src/test/java/features/SearchProduct.feature:7)
]]>
            </full-stacktrace>
          </exception> <!-- java.lang.AssertionError -->
          <reporter-output>
          </reporter-output>
        </test-method> <!-- runScenario -->
        <test-method is-config="true" signature="tearDownClass()[pri:0, instance:stepRunner.TestNGTestRunnerPassed@22a637e7]" started-at="2022-07-30T19:38:28 IST" name="tearDownClass" finished-at="2022-07-30T19:38:28 IST" duration-ms="158" status="PASS">
          <reporter-output>
          </reporter-output>
        </test-method> <!-- tearDownClass -->
      </class> <!-- stepRunner.TestNGTestRunnerPassed -->
      <class name="stepRunner.TestNGTestRunnerFailed">
        <test-method is-config="true" signature="setUpClass(org.testng.ITestContext)[pri:0, instance:stepRunner.TestNGTestRunnerFailed@5be6e01c]" started-at="2022-07-30T19:37:19 IST" name="setUpClass" finished-at="2022-07-30T19:37:29 IST" duration-ms="10601" status="PASS">
          <params>
            <param index="0">
              <value>
                <![CDATA[org.testng.TestRunner@796065aa]]>
              </value>
            </param>
          </params>
          <reporter-output>
          </reporter-output>
        </test-method> <!-- setUpClass -->
        <test-method signature="runScenario(io.cucumber.testng.PickleWrapper,io.cucumber.testng.FeatureWrapper)[pri:0, instance:stepRunner.TestNGTestRunnerFailed@5be6e01c]" started-at="2022-07-30T19:37:30 IST" name="runScenario" description="Runs Cucumber Scenarios" data-provider="scenarios" finished-at="2022-07-30T19:38:16 IST" duration-ms="45864" status="FAIL">
          <params>
            <param index="0">
              <value>
                <![CDATA["Search experience for product search in both home and offers page"]]>
              </value>
            </param>
            <param index="1">
              <value>
                <![CDATA["Search and Place order for Product"]]>
              </value>
            </param>
          </params>
          <exception class="java.lang.AssertionError">
            <message>
              <![CDATA[expected [No data] but found [Beetroot]]]>
            </message>
            <full-stacktrace>
              <![CDATA[java.lang.AssertionError: expected [No data] but found [Beetroot]
at org.testng.Assert.fail(Assert.java:110)
at org.testng.Assert.failNotEquals(Assert.java:1413)
at org.testng.Assert.assertEqualsImpl(Assert.java:149)
at org.testng.Assert.assertEquals(Assert.java:131)
at org.testng.Assert.assertEquals(Assert.java:655)
at org.testng.Assert.assertEquals(Assert.java:665)
at stepDefinations.OfferPageStepDefination.validate_the_products_of_both_the_pages(OfferPageStepDefination.java:47)
at ✽.validate the products of both the pages(file:///C:/Users/debas/eclipse-workspace/CucumberFramework/src/test/java/features/SearchProduct.feature:7)
]]>
            </full-stacktrace>
          </exception> <!-- java.lang.AssertionError -->
          <reporter-output>
          </reporter-output>
        </test-method> <!-- runScenario -->
        <test-method is-config="true" signature="tearDownClass()[pri:0, instance:stepRunner.TestNGTestRunnerFailed@5be6e01c]" started-at="2022-07-30T19:38:16 IST" name="tearDownClass" finished-at="2022-07-30T19:38:17 IST" duration-ms="1517" status="PASS">
          <reporter-output>
          </reporter-output>
        </test-method> <!-- tearDownClass -->
      </class> <!-- stepRunner.TestNGTestRunnerFailed -->
    </test> <!-- Surefire test -->
  </suite> <!-- Surefire suite -->
</testng-results>
