<?xml version="1.0" encoding="UTF-8"?>
<testng-results ignored="0" total="3" passed="0" failed="3" skipped="0">
  <reporter-output>
  </reporter-output>
  <suite started-at="2022-07-29T23:02:38 IST" name="Default suite" finished-at="2022-07-29T23:04:36 IST" duration-ms="117966">
    <groups>
      <group name="cucumber">
        <method signature="AbstractTestNGCucumberTests.runScenario(io.cucumber.testng.PickleWrapper,io.cucumber.testng.FeatureWrapper)[pri:0, instance:stepRunner.TestNGTestRunnerPassed@7bba5817]" name="runScenario" class="io.cucumber.testng.AbstractTestNGCucumberTests"/>
      </group> <!-- cucumber -->
    </groups>
    <test started-at="2022-07-29T23:02:38 IST" name="Default test" finished-at="2022-07-29T23:04:36 IST" duration-ms="117966">
      <class name="stepRunner.TestNGTestRunnerPassed">
        <test-method is-config="true" signature="setUpClass(org.testng.ITestContext)[pri:0, instance:stepRunner.TestNGTestRunnerPassed@7bba5817]" started-at="2022-07-29T23:02:38 IST" name="setUpClass" finished-at="2022-07-29T23:02:40 IST" duration-ms="1908" status="PASS">
          <params>
            <param index="0">
              <value>
                <![CDATA[org.testng.TestRunner@204e90f7]]>
              </value>
            </param>
          </params>
          <reporter-output>
          </reporter-output>
        </test-method> <!-- setUpClass -->
        <test-method signature="runScenario(io.cucumber.testng.PickleWrapper,io.cucumber.testng.FeatureWrapper)[pri:0, instance:stepRunner.TestNGTestRunnerPassed@7bba5817]" started-at="2022-07-29T23:02:40 IST" name="runScenario" description="Runs Cucumber Scenarios" data-provider="scenarios" finished-at="2022-07-29T23:04:11 IST" duration-ms="90367" status="FAIL">
          <params>
            <param index="0">
              <value>
                <![CDATA["Search experience for product search in both home and offers page"]]>
              </value>
            </param>
            <param index="1">
              <value>
                <![CDATA["Search and Place order for Product"]]>
              </value>
            </param>
          </params>
          <exception class="java.lang.NullPointerException">
            <message>
              <![CDATA[Cannot invoke "org.openqa.selenium.WebDriver.getTitle()" because "this.driver" is null]]>
            </message>
            <full-stacktrace>
              <![CDATA[java.lang.NullPointerException: Cannot invoke "org.openqa.selenium.WebDriver.getTitle()" because "this.driver" is null
at pageObjectClass.LandingPageObject.getTitleLandingPage(LandingPageObject.java:47)
at stepDefinations.LandingPageStepDefination.user_is_on_greenkart_landing_page(LandingPageStepDefination.java:36)
at ✽.User is on Greenkart landing page(file:///C:/Users/debas/eclipse-workspace/CucumberFramework/src/test/java/features/SearchProduct.feature:4)
]]>
            </full-stacktrace>
          </exception> <!-- java.lang.NullPointerException -->
          <reporter-output>
          </reporter-output>
        </test-method> <!-- runScenario -->
        <test-method signature="runScenario(io.cucumber.testng.PickleWrapper,io.cucumber.testng.FeatureWrapper)[pri:0, instance:stepRunner.TestNGTestRunnerPassed@7bba5817]" started-at="2022-07-29T23:02:40 IST" name="runScenario" description="Runs Cucumber Scenarios" data-provider="scenarios" finished-at="2022-07-29T23:03:58 IST" duration-ms="77318" status="FAIL">
          <params>
            <param index="0">
              <value>
                <![CDATA["Search experience for product search in both home and offers page"]]>
              </value>
            </param>
            <param index="1">
              <value>
                <![CDATA["Search and Place order for Product"]]>
              </value>
            </param>
          </params>
          <exception class="java.lang.NullPointerException">
            <message>
              <![CDATA[Cannot invoke "org.openqa.selenium.WebDriver.getTitle()" because "this.driver" is null]]>
            </message>
            <full-stacktrace>
              <![CDATA[java.lang.NullPointerException: Cannot invoke "org.openqa.selenium.WebDriver.getTitle()" because "this.driver" is null
at pageObjectClass.LandingPageObject.getTitleLandingPage(LandingPageObject.java:47)
at stepDefinations.LandingPageStepDefination.user_is_on_greenkart_landing_page(LandingPageStepDefination.java:36)
at ✽.User is on Greenkart landing page(file:///C:/Users/debas/eclipse-workspace/CucumberFramework/src/test/java/features/CheckOut.feature:5)
]]>
            </full-stacktrace>
          </exception> <!-- java.lang.NullPointerException -->
          <reporter-output>
          </reporter-output>
        </test-method> <!-- runScenario -->
        <test-method signature="runScenario(io.cucumber.testng.PickleWrapper,io.cucumber.testng.FeatureWrapper)[pri:0, instance:stepRunner.TestNGTestRunnerPassed@7bba5817]" started-at="2022-07-29T23:02:40 IST" name="runScenario" description="Runs Cucumber Scenarios" data-provider="scenarios" finished-at="2022-07-29T23:04:33 IST" duration-ms="112320" status="FAIL">
          <params>
            <param index="0">
              <value>
                <![CDATA["Search experience for product search in both home and offers page"]]>
              </value>
            </param>
            <param index="1">
              <value>
                <![CDATA["Search and Place order for Product"]]>
              </value>
            </param>
          </params>
          <exception class="java.lang.NullPointerException">
            <message>
              <![CDATA[Cannot invoke "org.openqa.selenium.WebDriver.getTitle()" because "this.driver" is null]]>
            </message>
            <full-stacktrace>
              <![CDATA[java.lang.NullPointerException: Cannot invoke "org.openqa.selenium.WebDriver.getTitle()" because "this.driver" is null
at pageObjectClass.LandingPageObject.getTitleLandingPage(LandingPageObject.java:47)
at stepDefinations.LandingPageStepDefination.user_is_on_greenkart_landing_page(LandingPageStepDefination.java:36)
at ✽.User is on Greenkart landing page(file:///C:/Users/debas/eclipse-workspace/CucumberFramework/src/test/java/features/SearchProduct.feature:4)
]]>
            </full-stacktrace>
          </exception> <!-- java.lang.NullPointerException -->
          <reporter-output>
          </reporter-output>
        </test-method> <!-- runScenario -->
        <test-method is-config="true" signature="tearDownClass()[pri:0, instance:stepRunner.TestNGTestRunnerPassed@7bba5817]" started-at="2022-07-29T23:04:33 IST" name="tearDownClass" finished-at="2022-07-29T23:04:36 IST" duration-ms="3584" status="PASS">
          <reporter-output>
          </reporter-output>
        </test-method> <!-- tearDownClass -->
      </class> <!-- stepRunner.TestNGTestRunnerPassed -->
    </test> <!-- Default test -->
  </suite> <!-- Default suite -->
</testng-results>
